This file contains any messages produced by compilers while
running configure, to aid debugging if configure makes a mistake.

It was created by icsiboost configure 0.3c, which was
generated by GNU Autoconf 2.69.  Invocation command line was

  $ ./configure 

## --------- ##
## Platform. ##
## --------- ##

hostname = V-PJ-47-079
uname -m = x86_64
uname -r = 5.4.0-135-generic
uname -s = Linux
uname -v = #152-Ubuntu SMP Wed Nov 23 20:19:22 UTC 2022

/usr/bin/uname -p = x86_64
/bin/uname -X     = unknown

/bin/arch              = x86_64
/usr/bin/arch -k       = unknown
/usr/convex/getsysinfo = unknown
/usr/bin/hostinfo      = unknown
/bin/machine           = unknown
/usr/bin/oslevel       = unknown
/bin/universe          = unknown

PATH: /usr/local/marionnet/bin
PATH: /usr/local/marionnet/sbin
PATH: /usr/local/ants/bin/
PATH: /usr/local/sbin
PATH: /usr/local/bin
PATH: /usr/sbin
PATH: /usr/bin
PATH: /sbin
PATH: /bin
PATH: /usr/games
PATH: /usr/local/games
PATH: /snap/bin
PATH: /usr/local/apache-cassandra-3.11.9/bin
PATH: /usr/local/itksnap-3.8.0-20190612-Linux-gcc64/bin
PATH: /usr/local/apache-maven-3.8.5/bin
PATH: /usr/local/mongodb-linux-x86_64-ubuntu1804-4.3.2/bin/
PATH: /usr/local/vcftools/bin


## ----------- ##
## Core tests. ##
## ----------- ##

configure:2292: checking for a BSD-compatible install
configure:2360: result: /usr/bin/install -c
configure:2371: checking whether build environment is sane
configure:2426: result: yes
configure:2462: WARNING: 'missing' script is too old or missing
configure:2575: checking for a thread-safe mkdir -p
configure:2614: result: /usr/bin/mkdir -p
configure:2621: checking for gawk
configure:2637: found /usr/bin/gawk
configure:2648: result: gawk
configure:2659: checking whether make sets $(MAKE)
configure:2681: result: yes
configure:2710: checking whether make supports nested variables
configure:2727: result: yes
configure:2913: checking for gcc
configure:2929: found /usr/bin/gcc
configure:2940: result: gcc
configure:3169: checking for C compiler version
configure:3178: gcc --version >&5
gcc (Ubuntu 9.4.0-1ubuntu1~20.04.1) 9.4.0
Copyright (C) 2019 Free Software Foundation, Inc.
This is free software; see the source for copying conditions.  There is NO
warranty; not even for MERCHANTABILITY or FITNESS FOR A PARTICULAR PURPOSE.

configure:3189: $? = 0
configure:3178: gcc -v >&5
Using built-in specs.
COLLECT_GCC=gcc
COLLECT_LTO_WRAPPER=/usr/lib/gcc/x86_64-linux-gnu/9/lto-wrapper
OFFLOAD_TARGET_NAMES=nvptx-none:hsa
OFFLOAD_TARGET_DEFAULT=1
Target: x86_64-linux-gnu
Configured with: ../src/configure -v --with-pkgversion='Ubuntu 9.4.0-1ubuntu1~20.04.1' --with-bugurl=file:///usr/share/doc/gcc-9/README.Bugs --enable-languages=c,ada,c++,go,brig,d,fortran,objc,obj-c++,gm2 --prefix=/usr --with-gcc-major-version-only --program-suffix=-9 --program-prefix=x86_64-linux-gnu- --enable-shared --enable-linker-build-id --libexecdir=/usr/lib --without-included-gettext --enable-threads=posix --libdir=/usr/lib --enable-nls --enable-clocale=gnu --enable-libstdcxx-debug --enable-libstdcxx-time=yes --with-default-libstdcxx-abi=new --enable-gnu-unique-object --disable-vtable-verify --enable-plugin --enable-default-pie --with-system-zlib --with-target-system-zlib=auto --enable-objc-gc=auto --enable-multiarch --disable-werror --with-arch-32=i686 --with-abi=m64 --with-multilib-list=m32,m64,mx32 --enable-multilib --with-tune=generic --enable-offload-targets=nvptx-none=/build/gcc-9-Av3uEd/gcc-9-9.4.0/debian/tmp-nvptx/usr,hsa --without-cuda-driver --enable-checking=release --build=x86_64-linux-gnu --host=x86_64-linux-gnu --target=x86_64-linux-gnu
Thread model: posix
gcc version 9.4.0 (Ubuntu 9.4.0-1ubuntu1~20.04.1) 
configure:3189: $? = 0
configure:3178: gcc -V >&5
gcc: error: unrecognized command line option '-V'
gcc: fatal error: no input files
compilation terminated.
configure:3189: $? = 1
configure:3178: gcc -qversion >&5
gcc: error: unrecognized command line option '-qversion'; did you mean '--version'?
gcc: fatal error: no input files
compilation terminated.
configure:3189: $? = 1
configure:3209: checking whether the C compiler works
configure:3231: gcc    conftest.c  >&5
configure:3235: $? = 0
configure:3283: result: yes
configure:3286: checking for C compiler default output file name
configure:3288: result: a.out
configure:3294: checking for suffix of executables
configure:3301: gcc -o conftest    conftest.c  >&5
configure:3305: $? = 0
configure:3327: result: 
configure:3349: checking whether we are cross compiling
configure:3357: gcc -o conftest    conftest.c  >&5
configure:3361: $? = 0
configure:3368: ./conftest
configure:3372: $? = 0
configure:3360: result: no
configure:3365: checking for suffix of object files
configure:3387: gcc -c   conftest.c >&5
configure:3391: $? = 0
configure:3412: result: o
configure:3416: checking whether we are using the GNU C compiler
configure:3435: gcc -c   conftest.c >&5
configure:3435: $? = 0
configure:3444: result: yes
configure:3453: checking whether gcc accepts -g
configure:3473: gcc -c -g  conftest.c >&5
configure:3473: $? = 0
configure:3514: result: yes
configure:3531: checking for gcc option to accept ISO C89
configure:3594: gcc  -c -g -O2  conftest.c >&5
configure:3594: $? = 0
configure:3607: result: none needed
configure:3632: checking whether gcc understands -c and -o together
configure:3654: gcc -c conftest.c -o conftest2.o
configure:3657: $? = 0
configure:3654: gcc -c conftest.c -o conftest2.o
configure:3657: $? = 0
configure:3669: result: yes
configure:3697: checking for style of include used by make
configure:3725: result: GNU
configure:3751: checking dependency style of gcc
configure:3862: result: gcc3
configure:3935: checking for g++
configure:3951: found /usr/bin/g++
configure:3962: result: g++
configure:3989: checking for C++ compiler version
configure:3998: g++ --version >&5
g++ (Ubuntu 9.4.0-1ubuntu1~20.04.1) 9.4.0
Copyright (C) 2019 Free Software Foundation, Inc.
This is free software; see the source for copying conditions.  There is NO
warranty; not even for MERCHANTABILITY or FITNESS FOR A PARTICULAR PURPOSE.

configure:4009: $? = 0
configure:3998: g++ -v >&5
Using built-in specs.
COLLECT_GCC=g++
COLLECT_LTO_WRAPPER=/usr/lib/gcc/x86_64-linux-gnu/9/lto-wrapper
OFFLOAD_TARGET_NAMES=nvptx-none:hsa
OFFLOAD_TARGET_DEFAULT=1
Target: x86_64-linux-gnu
Configured with: ../src/configure -v --with-pkgversion='Ubuntu 9.4.0-1ubuntu1~20.04.1' --with-bugurl=file:///usr/share/doc/gcc-9/README.Bugs --enable-languages=c,ada,c++,go,brig,d,fortran,objc,obj-c++,gm2 --prefix=/usr --with-gcc-major-version-only --program-suffix=-9 --program-prefix=x86_64-linux-gnu- --enable-shared --enable-linker-build-id --libexecdir=/usr/lib --without-included-gettext --enable-threads=posix --libdir=/usr/lib --enable-nls --enable-clocale=gnu --enable-libstdcxx-debug --enable-libstdcxx-time=yes --with-default-libstdcxx-abi=new --enable-gnu-unique-object --disable-vtable-verify --enable-plugin --enable-default-pie --with-system-zlib --with-target-system-zlib=auto --enable-objc-gc=auto --enable-multiarch --disable-werror --with-arch-32=i686 --with-abi=m64 --with-multilib-list=m32,m64,mx32 --enable-multilib --with-tune=generic --enable-offload-targets=nvptx-none=/build/gcc-9-Av3uEd/gcc-9-9.4.0/debian/tmp-nvptx/usr,hsa --without-cuda-driver --enable-checking=release --build=x86_64-linux-gnu --host=x86_64-linux-gnu --target=x86_64-linux-gnu
Thread model: posix
gcc version 9.4.0 (Ubuntu 9.4.0-1ubuntu1~20.04.1) 
configure:4009: $? = 0
configure:3998: g++ -V >&5
g++: error: unrecognized command line option '-V'
g++: fatal error: no input files
compilation terminated.
configure:4009: $? = 1
configure:3998: g++ -qversion >&5
g++: error: unrecognized command line option '-qversion'; did you mean '--version'?
g++: fatal error: no input files
compilation terminated.
configure:4009: $? = 1
configure:4013: checking whether we are using the GNU C++ compiler
configure:4032: g++ -c   conftest.cpp >&5
configure:4032: $? = 0
configure:4041: result: yes
configure:4050: checking whether g++ accepts -g
configure:4070: g++ -c -g  conftest.cpp >&5
configure:4070: $? = 0
configure:4111: result: yes
configure:4136: checking dependency style of g++
configure:4247: result: gcc3
configure:4266: checking for main in -lm
configure:4285: gcc -o conftest -g -O2   conftest.c -lm   >&5
configure:4285: $? = 0
configure:4294: result: yes
configure:4306: checking for main in -lpcre
configure:4325: gcc -o conftest -g -O2   conftest.c -lpcre  -lm  >&5
configure:4325: $? = 0
configure:4334: result: yes
configure:4346: checking for main in -lpthread
configure:4365: gcc -o conftest -g -O2   conftest.c -lpthread  -lpcre -lm  >&5
configure:4365: $? = 0
configure:4374: result: yes
configure:4386: checking for main in -lz
configure:4405: gcc -o conftest -g -O2   conftest.c -lz  -lpthread -lpcre -lm  >&5
configure:4405: $? = 0
configure:4414: result: yes
configure:4432: checking how to run the C preprocessor
configure:4463: gcc -E  conftest.c
configure:4463: $? = 0
configure:4477: gcc -E  conftest.c
conftest.c:15:10: fatal error: ac_nonexistent.h: No such file or directory
   15 | #include <ac_nonexistent.h>
      |          ^~~~~~~~~~~~~~~~~~
compilation terminated.
configure:4477: $? = 1
configure: failed program was:
| /* confdefs.h */
| #define PACKAGE_NAME "icsiboost"
| #define PACKAGE_TARNAME "icsiboost"
| #define PACKAGE_VERSION "0.3c"
| #define PACKAGE_STRING "icsiboost 0.3c"
| #define PACKAGE_BUGREPORT "favre@icsi.berkeley.edu"
| #define PACKAGE_URL ""
| #define PACKAGE "icsiboost"
| #define VERSION "0.3c"
| #define HAVE_LIBM 1
| #define HAVE_LIBPCRE 1
| #define HAVE_LIBPTHREAD 1
| #define HAVE_LIBZ 1
| /* end confdefs.h.  */
| #include <ac_nonexistent.h>
configure:4502: result: gcc -E
configure:4522: gcc -E  conftest.c
configure:4522: $? = 0
configure:4536: gcc -E  conftest.c
conftest.c:15:10: fatal error: ac_nonexistent.h: No such file or directory
   15 | #include <ac_nonexistent.h>
      |          ^~~~~~~~~~~~~~~~~~
compilation terminated.
configure:4536: $? = 1
configure: failed program was:
| /* confdefs.h */
| #define PACKAGE_NAME "icsiboost"
| #define PACKAGE_TARNAME "icsiboost"
| #define PACKAGE_VERSION "0.3c"
| #define PACKAGE_STRING "icsiboost 0.3c"
| #define PACKAGE_BUGREPORT "favre@icsi.berkeley.edu"
| #define PACKAGE_URL ""
| #define PACKAGE "icsiboost"
| #define VERSION "0.3c"
| #define HAVE_LIBM 1
| #define HAVE_LIBPCRE 1
| #define HAVE_LIBPTHREAD 1
| #define HAVE_LIBZ 1
| /* end confdefs.h.  */
| #include <ac_nonexistent.h>
configure:4565: checking for grep that handles long lines and -e
configure:4623: result: /usr/bin/grep
configure:4628: checking for egrep
configure:4690: result: /usr/bin/grep -E
configure:4695: checking for ANSI C header files
configure:4715: gcc -c -g -O2  conftest.c >&5
configure:4715: $? = 0
configure:4788: gcc -o conftest -g -O2   conftest.c -lz -lpthread -lpcre -lm  >&5
configure:4788: $? = 0
configure:4788: ./conftest
configure:4788: $? = 0
configure:4799: result: yes
configure:4807: checking for sys/wait.h that is POSIX.1 compatible
configure:4833: gcc -c -g -O2  conftest.c >&5
configure:4833: $? = 0
configure:4840: result: yes
configure:4853: checking for sys/types.h
configure:4853: gcc -c -g -O2  conftest.c >&5
configure:4853: $? = 0
configure:4853: result: yes
configure:4853: checking for sys/stat.h
configure:4853: gcc -c -g -O2  conftest.c >&5
configure:4853: $? = 0
configure:4853: result: yes
configure:4853: checking for stdlib.h
configure:4853: gcc -c -g -O2  conftest.c >&5
configure:4853: $? = 0
configure:4853: result: yes
configure:4853: checking for string.h
configure:4853: gcc -c -g -O2  conftest.c >&5
configure:4853: $? = 0
configure:4853: result: yes
configure:4853: checking for memory.h
configure:4853: gcc -c -g -O2  conftest.c >&5
configure:4853: $? = 0
configure:4853: result: yes
configure:4853: checking for strings.h
configure:4853: gcc -c -g -O2  conftest.c >&5
configure:4853: $? = 0
configure:4853: result: yes
configure:4853: checking for inttypes.h
configure:4853: gcc -c -g -O2  conftest.c >&5
configure:4853: $? = 0
configure:4853: result: yes
configure:4853: checking for stdint.h
configure:4853: gcc -c -g -O2  conftest.c >&5
configure:4853: $? = 0
configure:4853: result: yes
configure:4853: checking for unistd.h
configure:4853: gcc -c -g -O2  conftest.c >&5
configure:4853: $? = 0
configure:4853: result: yes
configure:4868: checking fcntl.h usability
configure:4868: gcc -c -g -O2  conftest.c >&5
configure:4868: $? = 0
configure:4868: result: yes
configure:4868: checking fcntl.h presence
configure:4868: gcc -E  conftest.c
configure:4868: $? = 0
configure:4868: result: yes
configure:4868: checking for fcntl.h
configure:4868: result: yes
configure:4868: checking for stdint.h
configure:4868: result: yes
configure:4868: checking for stdlib.h
configure:4868: result: yes
configure:4868: checking for string.h
configure:4868: result: yes
configure:4868: checking for unistd.h
configure:4868: result: yes
configure:4880: checking for an ANSI C-conforming const
configure:4946: gcc -c -g -O2  conftest.c >&5
configure:4946: $? = 0
configure:4953: result: yes
configure:4961: checking for inline
configure:4977: gcc -c -g -O2  conftest.c >&5
configure:4977: $? = 0
configure:4985: result: inline
configure:5003: checking for off_t
configure:5003: gcc -c -g -O2  conftest.c >&5
configure:5003: $? = 0
configure:5003: gcc -c -g -O2  conftest.c >&5
conftest.c: In function 'main':
conftest.c:67:20: error: expected expression before ')' token
   67 | if (sizeof ((off_t)))
      |                    ^
configure:5003: $? = 1
configure: failed program was:
| /* confdefs.h */
| #define PACKAGE_NAME "icsiboost"
| #define PACKAGE_TARNAME "icsiboost"
| #define PACKAGE_VERSION "0.3c"
| #define PACKAGE_STRING "icsiboost 0.3c"
| #define PACKAGE_BUGREPORT "favre@icsi.berkeley.edu"
| #define PACKAGE_URL ""
| #define PACKAGE "icsiboost"
| #define VERSION "0.3c"
| #define HAVE_LIBM 1
| #define HAVE_LIBPCRE 1
| #define HAVE_LIBPTHREAD 1
| #define HAVE_LIBZ 1
| #define STDC_HEADERS 1
| #define HAVE_SYS_WAIT_H 1
| #define HAVE_SYS_TYPES_H 1
| #define HAVE_SYS_STAT_H 1
| #define HAVE_STDLIB_H 1
| #define HAVE_STRING_H 1
| #define HAVE_MEMORY_H 1
| #define HAVE_STRINGS_H 1
| #define HAVE_INTTYPES_H 1
| #define HAVE_STDINT_H 1
| #define HAVE_UNISTD_H 1
| #define HAVE_FCNTL_H 1
| #define HAVE_STDINT_H 1
| #define HAVE_STDLIB_H 1
| #define HAVE_STRING_H 1
| #define HAVE_UNISTD_H 1
| /* end confdefs.h.  */
| #include <stdio.h>
| #ifdef HAVE_SYS_TYPES_H
| # include <sys/types.h>
| #endif
| #ifdef HAVE_SYS_STAT_H
| # include <sys/stat.h>
| #endif
| #ifdef STDC_HEADERS
| # include <stdlib.h>
| # include <stddef.h>
| #else
| # ifdef HAVE_STDLIB_H
| #  include <stdlib.h>
| # endif
| #endif
| #ifdef HAVE_STRING_H
| # if !defined STDC_HEADERS && defined HAVE_MEMORY_H
| #  include <memory.h>
| # endif
| # include <string.h>
| #endif
| #ifdef HAVE_STRINGS_H
| # include <strings.h>
| #endif
| #ifdef HAVE_INTTYPES_H
| # include <inttypes.h>
| #endif
| #ifdef HAVE_STDINT_H
| # include <stdint.h>
| #endif
| #ifdef HAVE_UNISTD_H
| # include <unistd.h>
| #endif
| int
| main ()
| {
| if (sizeof ((off_t)))
| 	    return 0;
|   ;
|   return 0;
| }
configure:5003: result: yes
configure:5014: checking for size_t
configure:5014: gcc -c -g -O2  conftest.c >&5
configure:5014: $? = 0
configure:5014: gcc -c -g -O2  conftest.c >&5
conftest.c: In function 'main':
conftest.c:67:21: error: expected expression before ')' token
   67 | if (sizeof ((size_t)))
      |                     ^
configure:5014: $? = 1
configure: failed program was:
| /* confdefs.h */
| #define PACKAGE_NAME "icsiboost"
| #define PACKAGE_TARNAME "icsiboost"
| #define PACKAGE_VERSION "0.3c"
| #define PACKAGE_STRING "icsiboost 0.3c"
| #define PACKAGE_BUGREPORT "favre@icsi.berkeley.edu"
| #define PACKAGE_URL ""
| #define PACKAGE "icsiboost"
| #define VERSION "0.3c"
| #define HAVE_LIBM 1
| #define HAVE_LIBPCRE 1
| #define HAVE_LIBPTHREAD 1
| #define HAVE_LIBZ 1
| #define STDC_HEADERS 1
| #define HAVE_SYS_WAIT_H 1
| #define HAVE_SYS_TYPES_H 1
| #define HAVE_SYS_STAT_H 1
| #define HAVE_STDLIB_H 1
| #define HAVE_STRING_H 1
| #define HAVE_MEMORY_H 1
| #define HAVE_STRINGS_H 1
| #define HAVE_INTTYPES_H 1
| #define HAVE_STDINT_H 1
| #define HAVE_UNISTD_H 1
| #define HAVE_FCNTL_H 1
| #define HAVE_STDINT_H 1
| #define HAVE_STDLIB_H 1
| #define HAVE_STRING_H 1
| #define HAVE_UNISTD_H 1
| /* end confdefs.h.  */
| #include <stdio.h>
| #ifdef HAVE_SYS_TYPES_H
| # include <sys/types.h>
| #endif
| #ifdef HAVE_SYS_STAT_H
| # include <sys/stat.h>
| #endif
| #ifdef STDC_HEADERS
| # include <stdlib.h>
| # include <stddef.h>
| #else
| # ifdef HAVE_STDLIB_H
| #  include <stdlib.h>
| # endif
| #endif
| #ifdef HAVE_STRING_H
| # if !defined STDC_HEADERS && defined HAVE_MEMORY_H
| #  include <memory.h>
| # endif
| # include <string.h>
| #endif
| #ifdef HAVE_STRINGS_H
| # include <strings.h>
| #endif
| #ifdef HAVE_INTTYPES_H
| # include <inttypes.h>
| #endif
| #ifdef HAVE_STDINT_H
| # include <stdint.h>
| #endif
| #ifdef HAVE_UNISTD_H
| # include <unistd.h>
| #endif
| int
| main ()
| {
| if (sizeof ((size_t)))
| 	    return 0;
|   ;
|   return 0;
| }
configure:5014: result: yes
configure:5027: checking for pid_t
configure:5027: gcc -c -g -O2  conftest.c >&5
configure:5027: $? = 0
configure:5027: gcc -c -g -O2  conftest.c >&5
conftest.c: In function 'main':
conftest.c:67:20: error: expected expression before ')' token
   67 | if (sizeof ((pid_t)))
      |                    ^
configure:5027: $? = 1
configure: failed program was:
| /* confdefs.h */
| #define PACKAGE_NAME "icsiboost"
| #define PACKAGE_TARNAME "icsiboost"
| #define PACKAGE_VERSION "0.3c"
| #define PACKAGE_STRING "icsiboost 0.3c"
| #define PACKAGE_BUGREPORT "favre@icsi.berkeley.edu"
| #define PACKAGE_URL ""
| #define PACKAGE "icsiboost"
| #define VERSION "0.3c"
| #define HAVE_LIBM 1
| #define HAVE_LIBPCRE 1
| #define HAVE_LIBPTHREAD 1
| #define HAVE_LIBZ 1
| #define STDC_HEADERS 1
| #define HAVE_SYS_WAIT_H 1
| #define HAVE_SYS_TYPES_H 1
| #define HAVE_SYS_STAT_H 1
| #define HAVE_STDLIB_H 1
| #define HAVE_STRING_H 1
| #define HAVE_MEMORY_H 1
| #define HAVE_STRINGS_H 1
| #define HAVE_INTTYPES_H 1
| #define HAVE_STDINT_H 1
| #define HAVE_UNISTD_H 1
| #define HAVE_FCNTL_H 1
| #define HAVE_STDINT_H 1
| #define HAVE_STDLIB_H 1
| #define HAVE_STRING_H 1
| #define HAVE_UNISTD_H 1
| /* end confdefs.h.  */
| #include <stdio.h>
| #ifdef HAVE_SYS_TYPES_H
| # include <sys/types.h>
| #endif
| #ifdef HAVE_SYS_STAT_H
| # include <sys/stat.h>
| #endif
| #ifdef STDC_HEADERS
| # include <stdlib.h>
| # include <stddef.h>
| #else
| # ifdef HAVE_STDLIB_H
| #  include <stdlib.h>
| # endif
| #endif
| #ifdef HAVE_STRING_H
| # if !defined STDC_HEADERS && defined HAVE_MEMORY_H
| #  include <memory.h>
| # endif
| # include <string.h>
| #endif
| #ifdef HAVE_STRINGS_H
| # include <strings.h>
| #endif
| #ifdef HAVE_INTTYPES_H
| # include <inttypes.h>
| #endif
| #ifdef HAVE_STDINT_H
| # include <stdint.h>
| #endif
| #ifdef HAVE_UNISTD_H
| # include <unistd.h>
| #endif
| int
| main ()
| {
| if (sizeof ((pid_t)))
| 	    return 0;
|   ;
|   return 0;
| }
configure:5027: result: yes
configure:5040: checking vfork.h usability
configure:5040: gcc -c -g -O2  conftest.c >&5
conftest.c:64:10: fatal error: vfork.h: No such file or directory
   64 | #include <vfork.h>
      |          ^~~~~~~~~
compilation terminated.
configure:5040: $? = 1
configure: failed program was:
| /* confdefs.h */
| #define PACKAGE_NAME "icsiboost"
| #define PACKAGE_TARNAME "icsiboost"
| #define PACKAGE_VERSION "0.3c"
| #define PACKAGE_STRING "icsiboost 0.3c"
| #define PACKAGE_BUGREPORT "favre@icsi.berkeley.edu"
| #define PACKAGE_URL ""
| #define PACKAGE "icsiboost"
| #define VERSION "0.3c"
| #define HAVE_LIBM 1
| #define HAVE_LIBPCRE 1
| #define HAVE_LIBPTHREAD 1
| #define HAVE_LIBZ 1
| #define STDC_HEADERS 1
| #define HAVE_SYS_WAIT_H 1
| #define HAVE_SYS_TYPES_H 1
| #define HAVE_SYS_STAT_H 1
| #define HAVE_STDLIB_H 1
| #define HAVE_STRING_H 1
| #define HAVE_MEMORY_H 1
| #define HAVE_STRINGS_H 1
| #define HAVE_INTTYPES_H 1
| #define HAVE_STDINT_H 1
| #define HAVE_UNISTD_H 1
| #define HAVE_FCNTL_H 1
| #define HAVE_STDINT_H 1
| #define HAVE_STDLIB_H 1
| #define HAVE_STRING_H 1
| #define HAVE_UNISTD_H 1
| /* end confdefs.h.  */
| #include <stdio.h>
| #ifdef HAVE_SYS_TYPES_H
| # include <sys/types.h>
| #endif
| #ifdef HAVE_SYS_STAT_H
| # include <sys/stat.h>
| #endif
| #ifdef STDC_HEADERS
| # include <stdlib.h>
| # include <stddef.h>
| #else
| # ifdef HAVE_STDLIB_H
| #  include <stdlib.h>
| # endif
| #endif
| #ifdef HAVE_STRING_H
| # if !defined STDC_HEADERS && defined HAVE_MEMORY_H
| #  include <memory.h>
| # endif
| # include <string.h>
| #endif
| #ifdef HAVE_STRINGS_H
| # include <strings.h>
| #endif
| #ifdef HAVE_INTTYPES_H
| # include <inttypes.h>
| #endif
| #ifdef HAVE_STDINT_H
| # include <stdint.h>
| #endif
| #ifdef HAVE_UNISTD_H
| # include <unistd.h>
| #endif
| #include <vfork.h>
configure:5040: result: no
configure:5040: checking vfork.h presence
configure:5040: gcc -E  conftest.c
conftest.c:31:10: fatal error: vfork.h: No such file or directory
   31 | #include <vfork.h>
      |          ^~~~~~~~~
compilation terminated.
configure:5040: $? = 1
configure: failed program was:
| /* confdefs.h */
| #define PACKAGE_NAME "icsiboost"
| #define PACKAGE_TARNAME "icsiboost"
| #define PACKAGE_VERSION "0.3c"
| #define PACKAGE_STRING "icsiboost 0.3c"
| #define PACKAGE_BUGREPORT "favre@icsi.berkeley.edu"
| #define PACKAGE_URL ""
| #define PACKAGE "icsiboost"
| #define VERSION "0.3c"
| #define HAVE_LIBM 1
| #define HAVE_LIBPCRE 1
| #define HAVE_LIBPTHREAD 1
| #define HAVE_LIBZ 1
| #define STDC_HEADERS 1
| #define HAVE_SYS_WAIT_H 1
| #define HAVE_SYS_TYPES_H 1
| #define HAVE_SYS_STAT_H 1
| #define HAVE_STDLIB_H 1
| #define HAVE_STRING_H 1
| #define HAVE_MEMORY_H 1
| #define HAVE_STRINGS_H 1
| #define HAVE_INTTYPES_H 1
| #define HAVE_STDINT_H 1
| #define HAVE_UNISTD_H 1
| #define HAVE_FCNTL_H 1
| #define HAVE_STDINT_H 1
| #define HAVE_STDLIB_H 1
| #define HAVE_STRING_H 1
| #define HAVE_UNISTD_H 1
| /* end confdefs.h.  */
| #include <vfork.h>
configure:5040: result: no
configure:5040: checking for vfork.h
configure:5040: result: no
configure:5053: checking for fork
configure:5053: gcc -o conftest -g -O2   conftest.c -lz -lpthread -lpcre -lm  >&5
conftest.c:54:6: warning: conflicting types for built-in function 'fork'; expected 'int(void)' [-Wbuiltin-declaration-mismatch]
   54 | char fork ();
      |      ^~~~
configure:5053: $? = 0
configure:5053: result: yes
configure:5053: checking for vfork
configure:5053: gcc -o conftest -g -O2   conftest.c -lz -lpthread -lpcre -lm  >&5
configure:5053: $? = 0
configure:5053: result: yes
configure:5063: checking for working fork
configure:5085: gcc -o conftest -g -O2   conftest.c -lz -lpthread -lpcre -lm  >&5
configure:5085: $? = 0
configure:5085: ./conftest
configure:5085: $? = 0
configure:5095: result: yes
configure:5116: checking for working vfork
configure:5226: result: yes
configure:5251: checking for _LARGEFILE_SOURCE value needed for large files
configure:5270: gcc -o conftest -g -O2   conftest.c -lz -lpthread -lpcre -lm  >&5
configure:5270: $? = 0
configure:5298: result: no
configure:5319: checking for working memcmp
configure:5362: gcc -o conftest -g -O2   conftest.c -lz -lpthread -lpcre -lm  >&5
configure:5362: $? = 0
configure:5362: ./conftest
configure:5362: $? = 0
configure:5372: result: yes
configure:5387: checking for stdlib.h
configure:5387: result: yes
configure:5387: checking for unistd.h
configure:5387: result: yes
configure:5387: checking for sys/param.h
configure:5387: gcc -c -g -O2  conftest.c >&5
configure:5387: $? = 0
configure:5387: result: yes
configure:5407: checking for getpagesize
configure:5407: gcc -o conftest -g -O2   conftest.c -lz -lpthread -lpcre -lm  >&5
configure:5407: $? = 0
configure:5407: result: yes
configure:5416: checking for working mmap
configure:5563: gcc -o conftest -g -O2   conftest.c -lz -lpthread -lpcre -lm  >&5
configure:5563: $? = 0
configure:5563: ./conftest
configure:5563: $? = 0
configure:5573: result: yes
configure:5582: checking return type of signal handlers
configure:5600: gcc -c -g -O2  conftest.c >&5
conftest.c: In function 'main':
conftest.c:47:10: error: void value not ignored as it ought to be
   47 | return *(signal (0, 0)) (0) == 1;
      |         ~^~~~~~~~~~~~~~~~~~
configure:5600: $? = 1
configure: failed program was:
| /* confdefs.h */
| #define PACKAGE_NAME "icsiboost"
| #define PACKAGE_TARNAME "icsiboost"
| #define PACKAGE_VERSION "0.3c"
| #define PACKAGE_STRING "icsiboost 0.3c"
| #define PACKAGE_BUGREPORT "favre@icsi.berkeley.edu"
| #define PACKAGE_URL ""
| #define PACKAGE "icsiboost"
| #define VERSION "0.3c"
| #define HAVE_LIBM 1
| #define HAVE_LIBPCRE 1
| #define HAVE_LIBPTHREAD 1
| #define HAVE_LIBZ 1
| #define STDC_HEADERS 1
| #define HAVE_SYS_WAIT_H 1
| #define HAVE_SYS_TYPES_H 1
| #define HAVE_SYS_STAT_H 1
| #define HAVE_STDLIB_H 1
| #define HAVE_STRING_H 1
| #define HAVE_MEMORY_H 1
| #define HAVE_STRINGS_H 1
| #define HAVE_INTTYPES_H 1
| #define HAVE_STDINT_H 1
| #define HAVE_UNISTD_H 1
| #define HAVE_FCNTL_H 1
| #define HAVE_STDINT_H 1
| #define HAVE_STDLIB_H 1
| #define HAVE_STRING_H 1
| #define HAVE_UNISTD_H 1
| #define HAVE_FORK 1
| #define HAVE_VFORK 1
| #define HAVE_WORKING_VFORK 1
| #define HAVE_WORKING_FORK 1
| #define HAVE_FSEEKO 1
| #define HAVE_STDLIB_H 1
| #define HAVE_UNISTD_H 1
| #define HAVE_SYS_PARAM_H 1
| #define HAVE_GETPAGESIZE 1
| #define HAVE_MMAP 1
| /* end confdefs.h.  */
| #include <sys/types.h>
| #include <signal.h>
| 
| int
| main ()
| {
| return *(signal (0, 0)) (0) == 1;
|   ;
|   return 0;
| }
configure:5607: result: void
configure:5615: checking whether lstat correctly handles trailing slash
configure:5641: gcc -o conftest -g -O2   conftest.c -lz -lpthread -lpcre -lm  >&5
configure:5641: $? = 0
configure:5641: ./conftest
configure:5641: $? = 0
configure:5658: result: yes
configure:5677: checking whether stat accepts an empty string
configure:5697: gcc -o conftest -g -O2   conftest.c -lz -lpthread -lpcre -lm  >&5
configure:5697: $? = 0
configure:5697: ./conftest
configure:5697: $? = 0
configure:5707: result: no
configure:5723: checking for working strtod
configure:5764: gcc -o conftest -g -O2   conftest.c -lz -lpthread -lpcre -lm  >&5
configure:5764: $? = 0
configure:5764: ./conftest
configure:5764: $? = 0
configure:5774: result: yes
configure:5839: checking for dup2
configure:5839: gcc -o conftest -g -O2   conftest.c -lz -lpthread -lpcre -lm  >&5
configure:5839: $? = 0
configure:5839: result: yes
configure:5839: checking for memmove
configure:5839: gcc -o conftest -g -O2   conftest.c -lz -lpthread -lpcre -lm  >&5
conftest.c:67:6: warning: conflicting types for built-in function 'memmove'; expected 'void *(void *, const void *, long unsigned int)' [-Wbuiltin-declaration-mismatch]
   67 | char memmove ();
      |      ^~~~~~~
conftest.c:55:1: note: 'memmove' is declared in header '<string.h>'
   54 | # include <limits.h>
   55 | #else
configure:5839: $? = 0
configure:5839: result: yes
configure:5839: checking for memset
configure:5839: gcc -o conftest -g -O2   conftest.c -lz -lpthread -lpcre -lm  >&5
conftest.c:68:6: warning: conflicting types for built-in function 'memset'; expected 'void *(void *, int,  long unsigned int)' [-Wbuiltin-declaration-mismatch]
   68 | char memset ();
      |      ^~~~~~
conftest.c:56:1: note: 'memset' is declared in header '<string.h>'
   55 | # include <limits.h>
   56 | #else
configure:5839: $? = 0
configure:5839: result: yes
configure:5839: checking for munmap
configure:5839: gcc -o conftest -g -O2   conftest.c -lz -lpthread -lpcre -lm  >&5
configure:5839: $? = 0
configure:5839: result: yes
configure:5839: checking for regcomp
configure:5839: gcc -o conftest -g -O2   conftest.c -lz -lpthread -lpcre -lm  >&5
configure:5839: $? = 0
configure:5839: result: yes
configure:5839: checking for sqrt
configure:5839: gcc -o conftest -g -O2   conftest.c -lz -lpthread -lpcre -lm  >&5
conftest.c:71:6: warning: conflicting types for built-in function 'sqrt'; expected 'double(double)' [-Wbuiltin-declaration-mismatch]
   71 | char sqrt ();
      |      ^~~~
conftest.c:59:1: note: 'sqrt' is declared in header '<math.h>'
   58 | # include <limits.h>
   59 | #else
configure:5839: $? = 0
configure:5839: result: yes
configure:5839: checking for strdup
configure:5839: gcc -o conftest -g -O2   conftest.c -lz -lpthread -lpcre -lm  >&5
conftest.c:72:6: warning: conflicting types for built-in function 'strdup'; expected 'char *(const char *)' [-Wbuiltin-declaration-mismatch]
   72 | char strdup ();
      |      ^~~~~~
configure:5839: $? = 0
configure:5839: result: yes
configure:5839: checking for strerror
configure:5839: gcc -o conftest -g -O2   conftest.c -lz -lpthread -lpcre -lm  >&5
configure:5839: $? = 0
configure:5839: result: yes
configure:5839: checking for strtol
configure:5839: gcc -o conftest -g -O2   conftest.c -lz -lpthread -lpcre -lm  >&5
configure:5839: $? = 0
configure:5839: result: yes
configure:5955: checking that generated files are newer than configure
configure:5961: result: done
configure:5988: creating ./config.status

## ---------------------- ##
## Running config.status. ##
## ---------------------- ##

This file was extended by icsiboost config.status 0.3c, which was
generated by GNU Autoconf 2.69.  Invocation command line was

  CONFIG_FILES    = 
  CONFIG_HEADERS  = 
  CONFIG_LINKS    = 
  CONFIG_COMMANDS = 
  $ ./config.status 

on V-PJ-47-079

config.status:887: creating Makefile
config.status:887: creating src/Makefile
config.status:887: creating config.h
config.status:1116: executing depfiles commands

## ---------------- ##
## Cache variables. ##
## ---------------- ##

ac_cv_c_compiler_gnu=yes
ac_cv_c_const=yes
ac_cv_c_inline=inline
ac_cv_cxx_compiler_gnu=yes
ac_cv_env_CCC_set=
ac_cv_env_CCC_value=
ac_cv_env_CC_set=
ac_cv_env_CC_value=
ac_cv_env_CFLAGS_set=
ac_cv_env_CFLAGS_value=
ac_cv_env_CPPFLAGS_set=
ac_cv_env_CPPFLAGS_value=
ac_cv_env_CPP_set=
ac_cv_env_CPP_value=
ac_cv_env_CXXFLAGS_set=
ac_cv_env_CXXFLAGS_value=
ac_cv_env_CXX_set=
ac_cv_env_CXX_value=
ac_cv_env_LDFLAGS_set=
ac_cv_env_LDFLAGS_value=
ac_cv_env_LIBS_set=
ac_cv_env_LIBS_value=
ac_cv_env_build_alias_set=
ac_cv_env_build_alias_value=
ac_cv_env_host_alias_set=
ac_cv_env_host_alias_value=
ac_cv_env_target_alias_set=
ac_cv_env_target_alias_value=
ac_cv_func_dup2=yes
ac_cv_func_fork=yes
ac_cv_func_fork_works=yes
ac_cv_func_getpagesize=yes
ac_cv_func_lstat_dereferences_slashed_symlink=yes
ac_cv_func_memcmp_working=yes
ac_cv_func_memmove=yes
ac_cv_func_memset=yes
ac_cv_func_mmap_fixed_mapped=yes
ac_cv_func_munmap=yes
ac_cv_func_regcomp=yes
ac_cv_func_sqrt=yes
ac_cv_func_stat_empty_string_bug=no
ac_cv_func_strdup=yes
ac_cv_func_strerror=yes
ac_cv_func_strtod=yes
ac_cv_func_strtol=yes
ac_cv_func_vfork=yes
ac_cv_func_vfork_works=yes
ac_cv_header_fcntl_h=yes
ac_cv_header_inttypes_h=yes
ac_cv_header_memory_h=yes
ac_cv_header_stdc=yes
ac_cv_header_stdint_h=yes
ac_cv_header_stdlib_h=yes
ac_cv_header_string_h=yes
ac_cv_header_strings_h=yes
ac_cv_header_sys_param_h=yes
ac_cv_header_sys_stat_h=yes
ac_cv_header_sys_types_h=yes
ac_cv_header_sys_wait_h=yes
ac_cv_header_unistd_h=yes
ac_cv_header_vfork_h=no
ac_cv_lib_m_main=yes
ac_cv_lib_pcre_main=yes
ac_cv_lib_pthread_main=yes
ac_cv_lib_z_main=yes
ac_cv_objext=o
ac_cv_path_EGREP='/usr/bin/grep -E'
ac_cv_path_GREP=/usr/bin/grep
ac_cv_path_install='/usr/bin/install -c'
ac_cv_path_mkdir=/usr/bin/mkdir
ac_cv_prog_AWK=gawk
ac_cv_prog_CPP='gcc -E'
ac_cv_prog_ac_ct_CC=gcc
ac_cv_prog_ac_ct_CXX=g++
ac_cv_prog_cc_c89=
ac_cv_prog_cc_g=yes
ac_cv_prog_cxx_g=yes
ac_cv_prog_make_make_set=yes
ac_cv_sys_largefile_source=no
ac_cv_type_off_t=yes
ac_cv_type_pid_t=yes
ac_cv_type_signal=void
ac_cv_type_size_t=yes
am_cv_CC_dependencies_compiler_type=gcc3
am_cv_CXX_dependencies_compiler_type=gcc3
am_cv_make_support_nested_variables=yes
am_cv_prog_cc_c_o=yes

## ----------------- ##
## Output variables. ##
## ----------------- ##

ACLOCAL='aclocal-1.15'
AMDEPBACKSLASH='\'
AMDEP_FALSE='#'
AMDEP_TRUE=''
AMTAR='$${TAR-tar}'
AM_BACKSLASH='\'
AM_DEFAULT_V='$(AM_DEFAULT_VERBOSITY)'
AM_DEFAULT_VERBOSITY='1'
AM_V='$(V)'
AUTOCONF='autoconf'
AUTOHEADER='autoheader'
AUTOMAKE='automake-1.15'
AWK='gawk'
CC='gcc'
CCDEPMODE='depmode=gcc3'
CFLAGS='-g -O2'
CPP='gcc -E'
CPPFLAGS=''
CXX='g++'
CXXDEPMODE='depmode=gcc3'
CXXFLAGS='-g -O2'
CYGPATH_W='echo'
DEFS='-DHAVE_CONFIG_H'
DEPDIR='.deps'
ECHO_C=''
ECHO_N='-n'
ECHO_T=''
EGREP='/usr/bin/grep -E'
EXEEXT=''
GREP='/usr/bin/grep'
INSTALL_DATA='${INSTALL} -m 644'
INSTALL_PROGRAM='${INSTALL}'
INSTALL_SCRIPT='${INSTALL}'
INSTALL_STRIP_PROGRAM='$(install_sh) -c -s'
LDFLAGS=''
LIBOBJS=''
LIBS='-lz -lpthread -lpcre -lm '
LTLIBOBJS=''
MAKEINFO='makeinfo'
MKDIR_P='/usr/bin/mkdir -p'
OBJEXT='o'
PACKAGE='icsiboost'
PACKAGE_BUGREPORT='favre@icsi.berkeley.edu'
PACKAGE_NAME='icsiboost'
PACKAGE_STRING='icsiboost 0.3c'
PACKAGE_TARNAME='icsiboost'
PACKAGE_URL=''
PACKAGE_VERSION='0.3c'
PATH_SEPARATOR=':'
POW_LIB=''
SET_MAKE=''
SHELL='/bin/bash'
STRIP=''
VERSION='0.3c'
ac_ct_CC='gcc'
ac_ct_CXX='g++'
am__EXEEXT_FALSE=''
am__EXEEXT_TRUE='#'
am__fastdepCC_FALSE='#'
am__fastdepCC_TRUE=''
am__fastdepCXX_FALSE='#'
am__fastdepCXX_TRUE=''
am__include='include'
am__isrc=''
am__leading_dot='.'
am__nodep='_no'
am__quote=''
am__tar='$${TAR-tar} chof - "$$tardir"'
am__untar='$${TAR-tar} xf -'
bindir='${exec_prefix}/bin'
build_alias=''
datadir='${datarootdir}'
datarootdir='${prefix}/share'
docdir='${datarootdir}/doc/${PACKAGE_TARNAME}'
dvidir='${docdir}'
exec_prefix='${prefix}'
host_alias=''
htmldir='${docdir}'
includedir='${prefix}/include'
infodir='${datarootdir}/info'
install_sh='${SHELL} /amuhome/s21219997/Documents/TAL/icsiboost-master/install-sh'
libdir='${exec_prefix}/lib'
libexecdir='${exec_prefix}/libexec'
localedir='${datarootdir}/locale'
localstatedir='${prefix}/var'
mandir='${datarootdir}/man'
mkdir_p='$(MKDIR_P)'
oldincludedir='/usr/include'
pdfdir='${docdir}'
prefix='/usr/local'
program_transform_name='s,x,x,'
psdir='${docdir}'
sbindir='${exec_prefix}/sbin'
sharedstatedir='${prefix}/com'
sysconfdir='${prefix}/etc'
target_alias=''

## ----------- ##
## confdefs.h. ##
## ----------- ##

/* confdefs.h */
#define PACKAGE_NAME "icsiboost"
#define PACKAGE_TARNAME "icsiboost"
#define PACKAGE_VERSION "0.3c"
#define PACKAGE_STRING "icsiboost 0.3c"
#define PACKAGE_BUGREPORT "favre@icsi.berkeley.edu"
#define PACKAGE_URL ""
#define PACKAGE "icsiboost"
#define VERSION "0.3c"
#define HAVE_LIBM 1
#define HAVE_LIBPCRE 1
#define HAVE_LIBPTHREAD 1
#define HAVE_LIBZ 1
#define STDC_HEADERS 1
#define HAVE_SYS_WAIT_H 1
#define HAVE_SYS_TYPES_H 1
#define HAVE_SYS_STAT_H 1
#define HAVE_STDLIB_H 1
#define HAVE_STRING_H 1
#define HAVE_MEMORY_H 1
#define HAVE_STRINGS_H 1
#define HAVE_INTTYPES_H 1
#define HAVE_STDINT_H 1
#define HAVE_UNISTD_H 1
#define HAVE_FCNTL_H 1
#define HAVE_STDINT_H 1
#define HAVE_STDLIB_H 1
#define HAVE_STRING_H 1
#define HAVE_UNISTD_H 1
#define HAVE_FORK 1
#define HAVE_VFORK 1
#define HAVE_WORKING_VFORK 1
#define HAVE_WORKING_FORK 1
#define HAVE_FSEEKO 1
#define HAVE_STDLIB_H 1
#define HAVE_UNISTD_H 1
#define HAVE_SYS_PARAM_H 1
#define HAVE_GETPAGESIZE 1
#define HAVE_MMAP 1
#define RETSIGTYPE void
#define LSTAT_FOLLOWS_SLASHED_SYMLINK 1
#define HAVE_DUP2 1
#define HAVE_MEMMOVE 1
#define HAVE_MEMSET 1
#define HAVE_MUNMAP 1
#define HAVE_REGCOMP 1
#define HAVE_SQRT 1
#define HAVE_STRDUP 1
#define HAVE_STRERROR 1
#define HAVE_STRTOL 1

configure: exit 0
