This file contains any messages produced by compilers while
running configure, to aid debugging if configure makes a mistake.

It was created by icsiboost configure 0.3c, which was
generated by GNU Autoconf 2.69.  Invocation command line was

  $ ./configure 

## --------- ##
## Platform. ##
## --------- ##

hostname = aghilas
uname -m = x86_64
uname -r = 5.13.0-48-generic
uname -s = Linux
uname -v = #54-Ubuntu SMP Wed Jun 1 20:38:48 UTC 2022

/usr/bin/uname -p = x86_64
/bin/uname -X     = unknown

/bin/arch              = x86_64
/usr/bin/arch -k       = unknown
/usr/convex/getsysinfo = unknown
/usr/bin/hostinfo      = unknown
/bin/machine           = unknown
/usr/bin/oslevel       = unknown
/bin/universe          = unknown

PATH: /usr/local/sbin
PATH: /usr/local/bin
PATH: /usr/sbin
PATH: /usr/bin
PATH: /sbin
PATH: /bin
PATH: /usr/games
PATH: /usr/local/games
PATH: /snap/bin
PATH: /snap/bin


## ----------- ##
## Core tests. ##
## ----------- ##

configure:2296: checking for a BSD-compatible install
configure:2364: result: /usr/bin/install -c
configure:2375: checking whether build environment is sane
configure:2430: result: yes
configure:2468: WARNING: 'missing' script is too old or missing
configure:2581: checking for a thread-safe mkdir -p
configure:2620: result: /usr/bin/mkdir -p
configure:2627: checking for gawk
configure:2657: result: no
configure:2627: checking for mawk
configure:2643: found /usr/bin/mawk
configure:2654: result: mawk
configure:2665: checking whether make sets $(MAKE)
configure:2687: result: yes
configure:2716: checking whether make supports nested variables
configure:2733: result: yes
configure:2919: checking for gcc
configure:2935: found /usr/bin/gcc
configure:2946: result: gcc
configure:3175: checking for C compiler version
configure:3184: gcc --version >&5
gcc (Ubuntu 11.2.0-7ubuntu2) 11.2.0
Copyright (C) 2021 Free Software Foundation, Inc.
This is free software; see the source for copying conditions.  There is NO
warranty; not even for MERCHANTABILITY or FITNESS FOR A PARTICULAR PURPOSE.

configure:3195: $? = 0
configure:3184: gcc -v >&5
Using built-in specs.
COLLECT_GCC=gcc
COLLECT_LTO_WRAPPER=/usr/lib/gcc/x86_64-linux-gnu/11/lto-wrapper
OFFLOAD_TARGET_NAMES=nvptx-none:amdgcn-amdhsa
OFFLOAD_TARGET_DEFAULT=1
Target: x86_64-linux-gnu
Configured with: ../src/configure -v --with-pkgversion='Ubuntu 11.2.0-7ubuntu2' --with-bugurl=file:///usr/share/doc/gcc-11/README.Bugs --enable-languages=c,ada,c++,go,brig,d,fortran,objc,obj-c++,m2 --prefix=/usr --with-gcc-major-version-only --program-suffix=-11 --program-prefix=x86_64-linux-gnu- --enable-shared --enable-linker-build-id --libexecdir=/usr/lib --without-included-gettext --enable-threads=posix --libdir=/usr/lib --enable-nls --enable-bootstrap --enable-clocale=gnu --enable-libstdcxx-debug --enable-libstdcxx-time=yes --with-default-libstdcxx-abi=new --enable-gnu-unique-object --disable-vtable-verify --enable-plugin --enable-default-pie --with-system-zlib --enable-libphobos-checking=release --with-target-system-zlib=auto --enable-objc-gc=auto --enable-multiarch --disable-werror --enable-cet --with-arch-32=i686 --with-abi=m64 --with-multilib-list=m32,m64,mx32 --enable-multilib --with-tune=generic --enable-offload-targets=nvptx-none=/build/gcc-11-ZPT0kp/gcc-11-11.2.0/debian/tmp-nvptx/usr,amdgcn-amdhsa=/build/gcc-11-ZPT0kp/gcc-11-11.2.0/debian/tmp-gcn/usr --without-cuda-driver --enable-checking=release --build=x86_64-linux-gnu --host=x86_64-linux-gnu --target=x86_64-linux-gnu --with-build-config=bootstrap-lto-lean --enable-link-serialization=2
Thread model: posix
Supported LTO compression algorithms: zlib zstd
gcc version 11.2.0 (Ubuntu 11.2.0-7ubuntu2) 
... rest of stderr output deleted ...
configure:3195: $? = 0
configure:3184: gcc -V >&5
gcc: error: unrecognized command-line option '-V'
gcc: fatal error: no input files
compilation terminated.
configure:3195: $? = 1
configure:3184: gcc -qversion >&5
gcc: error: unrecognized command-line option '-qversion'; did you mean '--version'?
gcc: fatal error: no input files
compilation terminated.
configure:3195: $? = 1
configure:3215: checking whether the C compiler works
configure:3237: gcc    conftest.c  >&5
configure:3241: $? = 0
configure:3289: result: yes
configure:3292: checking for C compiler default output file name
configure:3294: result: a.out
configure:3300: checking for suffix of executables
configure:3307: gcc -o conftest    conftest.c  >&5
configure:3311: $? = 0
configure:3333: result: 
configure:3355: checking whether we are cross compiling
configure:3363: gcc -o conftest    conftest.c  >&5
configure:3367: $? = 0
configure:3374: ./conftest
configure:3378: $? = 0
configure:3393: result: no
configure:3398: checking for suffix of object files
configure:3420: gcc -c   conftest.c >&5
configure:3424: $? = 0
configure:3445: result: o
configure:3449: checking whether we are using the GNU C compiler
configure:3468: gcc -c   conftest.c >&5
configure:3468: $? = 0
configure:3477: result: yes
configure:3486: checking whether gcc accepts -g
configure:3506: gcc -c -g  conftest.c >&5
configure:3506: $? = 0
configure:3547: result: yes
configure:3564: checking for gcc option to accept ISO C89
configure:3627: gcc  -c -g -O2  conftest.c >&5
configure:3627: $? = 0
configure:3640: result: none needed
configure:3665: checking whether gcc understands -c and -o together
configure:3687: gcc -c conftest.c -o conftest2.o
configure:3690: $? = 0
configure:3687: gcc -c conftest.c -o conftest2.o
configure:3690: $? = 0
configure:3702: result: yes
configure:3730: checking for style of include used by make
configure:3758: result: GNU
configure:3784: checking dependency style of gcc
configure:3895: result: gcc3
configure:3968: checking for g++
configure:3984: found /usr/bin/g++
configure:3995: result: g++
configure:4022: checking for C++ compiler version
configure:4031: g++ --version >&5
g++ (Ubuntu 11.2.0-7ubuntu2) 11.2.0
Copyright (C) 2021 Free Software Foundation, Inc.
This is free software; see the source for copying conditions.  There is NO
warranty; not even for MERCHANTABILITY or FITNESS FOR A PARTICULAR PURPOSE.

configure:4042: $? = 0
configure:4031: g++ -v >&5
Using built-in specs.
COLLECT_GCC=g++
COLLECT_LTO_WRAPPER=/usr/lib/gcc/x86_64-linux-gnu/11/lto-wrapper
OFFLOAD_TARGET_NAMES=nvptx-none:amdgcn-amdhsa
OFFLOAD_TARGET_DEFAULT=1
Target: x86_64-linux-gnu
Configured with: ../src/configure -v --with-pkgversion='Ubuntu 11.2.0-7ubuntu2' --with-bugurl=file:///usr/share/doc/gcc-11/README.Bugs --enable-languages=c,ada,c++,go,brig,d,fortran,objc,obj-c++,m2 --prefix=/usr --with-gcc-major-version-only --program-suffix=-11 --program-prefix=x86_64-linux-gnu- --enable-shared --enable-linker-build-id --libexecdir=/usr/lib --without-included-gettext --enable-threads=posix --libdir=/usr/lib --enable-nls --enable-bootstrap --enable-clocale=gnu --enable-libstdcxx-debug --enable-libstdcxx-time=yes --with-default-libstdcxx-abi=new --enable-gnu-unique-object --disable-vtable-verify --enable-plugin --enable-default-pie --with-system-zlib --enable-libphobos-checking=release --with-target-system-zlib=auto --enable-objc-gc=auto --enable-multiarch --disable-werror --enable-cet --with-arch-32=i686 --with-abi=m64 --with-multilib-list=m32,m64,mx32 --enable-multilib --with-tune=generic --enable-offload-targets=nvptx-none=/build/gcc-11-ZPT0kp/gcc-11-11.2.0/debian/tmp-nvptx/usr,amdgcn-amdhsa=/build/gcc-11-ZPT0kp/gcc-11-11.2.0/debian/tmp-gcn/usr --without-cuda-driver --enable-checking=release --build=x86_64-linux-gnu --host=x86_64-linux-gnu --target=x86_64-linux-gnu --with-build-config=bootstrap-lto-lean --enable-link-serialization=2
Thread model: posix
Supported LTO compression algorithms: zlib zstd
gcc version 11.2.0 (Ubuntu 11.2.0-7ubuntu2) 
... rest of stderr output deleted ...
configure:4042: $? = 0
configure:4031: g++ -V >&5
g++: error: unrecognized command-line option '-V'
g++: fatal error: no input files
compilation terminated.
configure:4042: $? = 1
configure:4031: g++ -qversion >&5
g++: error: unrecognized command-line option '-qversion'; did you mean '--version'?
g++: fatal error: no input files
compilation terminated.
configure:4042: $? = 1
configure:4046: checking whether we are using the GNU C++ compiler
configure:4065: g++ -c   conftest.cpp >&5
configure:4065: $? = 0
configure:4074: result: yes
configure:4083: checking whether g++ accepts -g
configure:4103: g++ -c -g  conftest.cpp >&5
configure:4103: $? = 0
configure:4144: result: yes
configure:4169: checking dependency style of g++
configure:4280: result: gcc3
configure:4299: checking for main in -lm
configure:4318: gcc -o conftest -g -O2   conftest.c -lm   >&5
configure:4318: $? = 0
configure:4327: result: yes
configure:4339: checking for main in -lpcre
configure:4358: gcc -o conftest -g -O2   conftest.c -lpcre  -lm  >&5
/usr/bin/ld: cannot find -lpcre
collect2: error: ld returned 1 exit status
configure:4358: $? = 1
configure: failed program was:
| /* confdefs.h */
| #define PACKAGE_NAME "icsiboost"
| #define PACKAGE_TARNAME "icsiboost"
| #define PACKAGE_VERSION "0.3c"
| #define PACKAGE_STRING "icsiboost 0.3c"
| #define PACKAGE_BUGREPORT "favre@icsi.berkeley.edu"
| #define PACKAGE_URL ""
| #define PACKAGE "icsiboost"
| #define VERSION "0.3c"
| #define HAVE_LIBM 1
| /* end confdefs.h.  */
| 
| 
| int
| main ()
| {
| return main ();
|   ;
|   return 0;
| }
configure:4367: result: no
configure:4379: checking for main in -lpthread
configure:4398: gcc -o conftest -g -O2   conftest.c -lpthread  -lm  >&5
configure:4398: $? = 0
configure:4407: result: yes
configure:4419: checking for main in -lz
configure:4438: gcc -o conftest -g -O2   conftest.c -lz  -lpthread -lm  >&5
configure:4438: $? = 0
configure:4447: result: yes
configure:4465: checking how to run the C preprocessor
configure:4496: gcc -E  conftest.c
configure:4496: $? = 0
configure:4510: gcc -E  conftest.c
conftest.c:14:10: fatal error: ac_nonexistent.h: No such file or directory
   14 | #include <ac_nonexistent.h>
      |          ^~~~~~~~~~~~~~~~~~
compilation terminated.
configure:4510: $? = 1
configure: failed program was:
| /* confdefs.h */
| #define PACKAGE_NAME "icsiboost"
| #define PACKAGE_TARNAME "icsiboost"
| #define PACKAGE_VERSION "0.3c"
| #define PACKAGE_STRING "icsiboost 0.3c"
| #define PACKAGE_BUGREPORT "favre@icsi.berkeley.edu"
| #define PACKAGE_URL ""
| #define PACKAGE "icsiboost"
| #define VERSION "0.3c"
| #define HAVE_LIBM 1
| #define HAVE_LIBPTHREAD 1
| #define HAVE_LIBZ 1
| /* end confdefs.h.  */
| #include <ac_nonexistent.h>
configure:4535: result: gcc -E
configure:4555: gcc -E  conftest.c
configure:4555: $? = 0
configure:4569: gcc -E  conftest.c
conftest.c:14:10: fatal error: ac_nonexistent.h: No such file or directory
   14 | #include <ac_nonexistent.h>
      |          ^~~~~~~~~~~~~~~~~~
compilation terminated.
configure:4569: $? = 1
configure: failed program was:
| /* confdefs.h */
| #define PACKAGE_NAME "icsiboost"
| #define PACKAGE_TARNAME "icsiboost"
| #define PACKAGE_VERSION "0.3c"
| #define PACKAGE_STRING "icsiboost 0.3c"
| #define PACKAGE_BUGREPORT "favre@icsi.berkeley.edu"
| #define PACKAGE_URL ""
| #define PACKAGE "icsiboost"
| #define VERSION "0.3c"
| #define HAVE_LIBM 1
| #define HAVE_LIBPTHREAD 1
| #define HAVE_LIBZ 1
| /* end confdefs.h.  */
| #include <ac_nonexistent.h>
configure:4598: checking for grep that handles long lines and -e
configure:4656: result: /usr/bin/grep
configure:4661: checking for egrep
configure:4723: result: /usr/bin/grep -E
configure:4728: checking for ANSI C header files
configure:4748: gcc -c -g -O2  conftest.c >&5
configure:4748: $? = 0
configure:4821: gcc -o conftest -g -O2   conftest.c -lz -lpthread -lm  >&5
configure:4821: $? = 0
configure:4821: ./conftest
configure:4821: $? = 0
configure:4832: result: yes
configure:4840: checking for sys/wait.h that is POSIX.1 compatible
configure:4866: gcc -c -g -O2  conftest.c >&5
configure:4866: $? = 0
configure:4873: result: yes
configure:4886: checking for sys/types.h
configure:4886: gcc -c -g -O2  conftest.c >&5
configure:4886: $? = 0
configure:4886: result: yes
configure:4886: checking for sys/stat.h
configure:4886: gcc -c -g -O2  conftest.c >&5
configure:4886: $? = 0
configure:4886: result: yes
configure:4886: checking for stdlib.h
configure:4886: gcc -c -g -O2  conftest.c >&5
configure:4886: $? = 0
configure:4886: result: yes
configure:4886: checking for string.h
configure:4886: gcc -c -g -O2  conftest.c >&5
configure:4886: $? = 0
configure:4886: result: yes
configure:4886: checking for memory.h
configure:4886: gcc -c -g -O2  conftest.c >&5
configure:4886: $? = 0
configure:4886: result: yes
configure:4886: checking for strings.h
configure:4886: gcc -c -g -O2  conftest.c >&5
configure:4886: $? = 0
configure:4886: result: yes
configure:4886: checking for inttypes.h
configure:4886: gcc -c -g -O2  conftest.c >&5
configure:4886: $? = 0
configure:4886: result: yes
configure:4886: checking for stdint.h
configure:4886: gcc -c -g -O2  conftest.c >&5
configure:4886: $? = 0
configure:4886: result: yes
configure:4886: checking for unistd.h
configure:4886: gcc -c -g -O2  conftest.c >&5
configure:4886: $? = 0
configure:4886: result: yes
configure:4901: checking fcntl.h usability
configure:4901: gcc -c -g -O2  conftest.c >&5
configure:4901: $? = 0
configure:4901: result: yes
configure:4901: checking fcntl.h presence
configure:4901: gcc -E  conftest.c
configure:4901: $? = 0
configure:4901: result: yes
configure:4901: checking for fcntl.h
configure:4901: result: yes
configure:4901: checking for stdint.h
configure:4901: result: yes
configure:4901: checking for stdlib.h
configure:4901: result: yes
configure:4901: checking for string.h
configure:4901: result: yes
configure:4901: checking for unistd.h
configure:4901: result: yes
configure:4913: checking for an ANSI C-conforming const
configure:4979: gcc -c -g -O2  conftest.c >&5
configure:4979: $? = 0
configure:4986: result: yes
configure:4994: checking for inline
configure:5010: gcc -c -g -O2  conftest.c >&5
configure:5010: $? = 0
configure:5018: result: inline
configure:5036: checking for off_t
configure:5036: gcc -c -g -O2  conftest.c >&5
configure:5036: $? = 0
configure:5036: gcc -c -g -O2  conftest.c >&5
conftest.c: In function 'main':
conftest.c:66:20: error: expected expression before ')' token
   66 | if (sizeof ((off_t)))
      |                    ^
configure:5036: $? = 1
configure: failed program was:
| /* confdefs.h */
| #define PACKAGE_NAME "icsiboost"
| #define PACKAGE_TARNAME "icsiboost"
| #define PACKAGE_VERSION "0.3c"
| #define PACKAGE_STRING "icsiboost 0.3c"
| #define PACKAGE_BUGREPORT "favre@icsi.berkeley.edu"
| #define PACKAGE_URL ""
| #define PACKAGE "icsiboost"
| #define VERSION "0.3c"
| #define HAVE_LIBM 1
| #define HAVE_LIBPTHREAD 1
| #define HAVE_LIBZ 1
| #define STDC_HEADERS 1
| #define HAVE_SYS_WAIT_H 1
| #define HAVE_SYS_TYPES_H 1
| #define HAVE_SYS_STAT_H 1
| #define HAVE_STDLIB_H 1
| #define HAVE_STRING_H 1
| #define HAVE_MEMORY_H 1
| #define HAVE_STRINGS_H 1
| #define HAVE_INTTYPES_H 1
| #define HAVE_STDINT_H 1
| #define HAVE_UNISTD_H 1
| #define HAVE_FCNTL_H 1
| #define HAVE_STDINT_H 1
| #define HAVE_STDLIB_H 1
| #define HAVE_STRING_H 1
| #define HAVE_UNISTD_H 1
| /* end confdefs.h.  */
| #include <stdio.h>
| #ifdef HAVE_SYS_TYPES_H
| # include <sys/types.h>
| #endif
| #ifdef HAVE_SYS_STAT_H
| # include <sys/stat.h>
| #endif
| #ifdef STDC_HEADERS
| # include <stdlib.h>
| # include <stddef.h>
| #else
| # ifdef HAVE_STDLIB_H
| #  include <stdlib.h>
| # endif
| #endif
| #ifdef HAVE_STRING_H
| # if !defined STDC_HEADERS && defined HAVE_MEMORY_H
| #  include <memory.h>
| # endif
| # include <string.h>
| #endif
| #ifdef HAVE_STRINGS_H
| # include <strings.h>
| #endif
| #ifdef HAVE_INTTYPES_H
| # include <inttypes.h>
| #endif
| #ifdef HAVE_STDINT_H
| # include <stdint.h>
| #endif
| #ifdef HAVE_UNISTD_H
| # include <unistd.h>
| #endif
| int
| main ()
| {
| if (sizeof ((off_t)))
| 	    return 0;
|   ;
|   return 0;
| }
configure:5036: result: yes
configure:5047: checking for size_t
configure:5047: gcc -c -g -O2  conftest.c >&5
configure:5047: $? = 0
configure:5047: gcc -c -g -O2  conftest.c >&5
conftest.c: In function 'main':
conftest.c:66:21: error: expected expression before ')' token
   66 | if (sizeof ((size_t)))
      |                     ^
configure:5047: $? = 1
configure: failed program was:
| /* confdefs.h */
| #define PACKAGE_NAME "icsiboost"
| #define PACKAGE_TARNAME "icsiboost"
| #define PACKAGE_VERSION "0.3c"
| #define PACKAGE_STRING "icsiboost 0.3c"
| #define PACKAGE_BUGREPORT "favre@icsi.berkeley.edu"
| #define PACKAGE_URL ""
| #define PACKAGE "icsiboost"
| #define VERSION "0.3c"
| #define HAVE_LIBM 1
| #define HAVE_LIBPTHREAD 1
| #define HAVE_LIBZ 1
| #define STDC_HEADERS 1
| #define HAVE_SYS_WAIT_H 1
| #define HAVE_SYS_TYPES_H 1
| #define HAVE_SYS_STAT_H 1
| #define HAVE_STDLIB_H 1
| #define HAVE_STRING_H 1
| #define HAVE_MEMORY_H 1
| #define HAVE_STRINGS_H 1
| #define HAVE_INTTYPES_H 1
| #define HAVE_STDINT_H 1
| #define HAVE_UNISTD_H 1
| #define HAVE_FCNTL_H 1
| #define HAVE_STDINT_H 1
| #define HAVE_STDLIB_H 1
| #define HAVE_STRING_H 1
| #define HAVE_UNISTD_H 1
| /* end confdefs.h.  */
| #include <stdio.h>
| #ifdef HAVE_SYS_TYPES_H
| # include <sys/types.h>
| #endif
| #ifdef HAVE_SYS_STAT_H
| # include <sys/stat.h>
| #endif
| #ifdef STDC_HEADERS
| # include <stdlib.h>
| # include <stddef.h>
| #else
| # ifdef HAVE_STDLIB_H
| #  include <stdlib.h>
| # endif
| #endif
| #ifdef HAVE_STRING_H
| # if !defined STDC_HEADERS && defined HAVE_MEMORY_H
| #  include <memory.h>
| # endif
| # include <string.h>
| #endif
| #ifdef HAVE_STRINGS_H
| # include <strings.h>
| #endif
| #ifdef HAVE_INTTYPES_H
| # include <inttypes.h>
| #endif
| #ifdef HAVE_STDINT_H
| # include <stdint.h>
| #endif
| #ifdef HAVE_UNISTD_H
| # include <unistd.h>
| #endif
| int
| main ()
| {
| if (sizeof ((size_t)))
| 	    return 0;
|   ;
|   return 0;
| }
configure:5047: result: yes
configure:5060: checking for pid_t
configure:5060: gcc -c -g -O2  conftest.c >&5
configure:5060: $? = 0
configure:5060: gcc -c -g -O2  conftest.c >&5
conftest.c: In function 'main':
conftest.c:66:20: error: expected expression before ')' token
   66 | if (sizeof ((pid_t)))
      |                    ^
configure:5060: $? = 1
configure: failed program was:
| /* confdefs.h */
| #define PACKAGE_NAME "icsiboost"
| #define PACKAGE_TARNAME "icsiboost"
| #define PACKAGE_VERSION "0.3c"
| #define PACKAGE_STRING "icsiboost 0.3c"
| #define PACKAGE_BUGREPORT "favre@icsi.berkeley.edu"
| #define PACKAGE_URL ""
| #define PACKAGE "icsiboost"
| #define VERSION "0.3c"
| #define HAVE_LIBM 1
| #define HAVE_LIBPTHREAD 1
| #define HAVE_LIBZ 1
| #define STDC_HEADERS 1
| #define HAVE_SYS_WAIT_H 1
| #define HAVE_SYS_TYPES_H 1
| #define HAVE_SYS_STAT_H 1
| #define HAVE_STDLIB_H 1
| #define HAVE_STRING_H 1
| #define HAVE_MEMORY_H 1
| #define HAVE_STRINGS_H 1
| #define HAVE_INTTYPES_H 1
| #define HAVE_STDINT_H 1
| #define HAVE_UNISTD_H 1
| #define HAVE_FCNTL_H 1
| #define HAVE_STDINT_H 1
| #define HAVE_STDLIB_H 1
| #define HAVE_STRING_H 1
| #define HAVE_UNISTD_H 1
| /* end confdefs.h.  */
| #include <stdio.h>
| #ifdef HAVE_SYS_TYPES_H
| # include <sys/types.h>
| #endif
| #ifdef HAVE_SYS_STAT_H
| # include <sys/stat.h>
| #endif
| #ifdef STDC_HEADERS
| # include <stdlib.h>
| # include <stddef.h>
| #else
| # ifdef HAVE_STDLIB_H
| #  include <stdlib.h>
| # endif
| #endif
| #ifdef HAVE_STRING_H
| # if !defined STDC_HEADERS && defined HAVE_MEMORY_H
| #  include <memory.h>
| # endif
| # include <string.h>
| #endif
| #ifdef HAVE_STRINGS_H
| # include <strings.h>
| #endif
| #ifdef HAVE_INTTYPES_H
| # include <inttypes.h>
| #endif
| #ifdef HAVE_STDINT_H
| # include <stdint.h>
| #endif
| #ifdef HAVE_UNISTD_H
| # include <unistd.h>
| #endif
| int
| main ()
| {
| if (sizeof ((pid_t)))
| 	    return 0;
|   ;
|   return 0;
| }
configure:5060: result: yes
configure:5073: checking vfork.h usability
configure:5073: gcc -c -g -O2  conftest.c >&5
conftest.c:63:10: fatal error: vfork.h: No such file or directory
   63 | #include <vfork.h>
      |          ^~~~~~~~~
compilation terminated.
configure:5073: $? = 1
configure: failed program was:
| /* confdefs.h */
| #define PACKAGE_NAME "icsiboost"
| #define PACKAGE_TARNAME "icsiboost"
| #define PACKAGE_VERSION "0.3c"
| #define PACKAGE_STRING "icsiboost 0.3c"
| #define PACKAGE_BUGREPORT "favre@icsi.berkeley.edu"
| #define PACKAGE_URL ""
| #define PACKAGE "icsiboost"
| #define VERSION "0.3c"
| #define HAVE_LIBM 1
| #define HAVE_LIBPTHREAD 1
| #define HAVE_LIBZ 1
| #define STDC_HEADERS 1
| #define HAVE_SYS_WAIT_H 1
| #define HAVE_SYS_TYPES_H 1
| #define HAVE_SYS_STAT_H 1
| #define HAVE_STDLIB_H 1
| #define HAVE_STRING_H 1
| #define HAVE_MEMORY_H 1
| #define HAVE_STRINGS_H 1
| #define HAVE_INTTYPES_H 1
| #define HAVE_STDINT_H 1
| #define HAVE_UNISTD_H 1
| #define HAVE_FCNTL_H 1
| #define HAVE_STDINT_H 1
| #define HAVE_STDLIB_H 1
| #define HAVE_STRING_H 1
| #define HAVE_UNISTD_H 1
| /* end confdefs.h.  */
| #include <stdio.h>
| #ifdef HAVE_SYS_TYPES_H
| # include <sys/types.h>
| #endif
| #ifdef HAVE_SYS_STAT_H
| # include <sys/stat.h>
| #endif
| #ifdef STDC_HEADERS
| # include <stdlib.h>
| # include <stddef.h>
| #else
| # ifdef HAVE_STDLIB_H
| #  include <stdlib.h>
| # endif
| #endif
| #ifdef HAVE_STRING_H
| # if !defined STDC_HEADERS && defined HAVE_MEMORY_H
| #  include <memory.h>
| # endif
| # include <string.h>
| #endif
| #ifdef HAVE_STRINGS_H
| # include <strings.h>
| #endif
| #ifdef HAVE_INTTYPES_H
| # include <inttypes.h>
| #endif
| #ifdef HAVE_STDINT_H
| # include <stdint.h>
| #endif
| #ifdef HAVE_UNISTD_H
| # include <unistd.h>
| #endif
| #include <vfork.h>
configure:5073: result: no
configure:5073: checking vfork.h presence
configure:5073: gcc -E  conftest.c
conftest.c:30:10: fatal error: vfork.h: No such file or directory
   30 | #include <vfork.h>
      |          ^~~~~~~~~
compilation terminated.
configure:5073: $? = 1
configure: failed program was:
| /* confdefs.h */
| #define PACKAGE_NAME "icsiboost"
| #define PACKAGE_TARNAME "icsiboost"
| #define PACKAGE_VERSION "0.3c"
| #define PACKAGE_STRING "icsiboost 0.3c"
| #define PACKAGE_BUGREPORT "favre@icsi.berkeley.edu"
| #define PACKAGE_URL ""
| #define PACKAGE "icsiboost"
| #define VERSION "0.3c"
| #define HAVE_LIBM 1
| #define HAVE_LIBPTHREAD 1
| #define HAVE_LIBZ 1
| #define STDC_HEADERS 1
| #define HAVE_SYS_WAIT_H 1
| #define HAVE_SYS_TYPES_H 1
| #define HAVE_SYS_STAT_H 1
| #define HAVE_STDLIB_H 1
| #define HAVE_STRING_H 1
| #define HAVE_MEMORY_H 1
| #define HAVE_STRINGS_H 1
| #define HAVE_INTTYPES_H 1
| #define HAVE_STDINT_H 1
| #define HAVE_UNISTD_H 1
| #define HAVE_FCNTL_H 1
| #define HAVE_STDINT_H 1
| #define HAVE_STDLIB_H 1
| #define HAVE_STRING_H 1
| #define HAVE_UNISTD_H 1
| /* end confdefs.h.  */
| #include <vfork.h>
configure:5073: result: no
configure:5073: checking for vfork.h
configure:5073: result: no
configure:5086: checking for fork
configure:5086: gcc -o conftest -g -O2   conftest.c -lz -lpthread -lm  >&5
conftest.c:53:6: warning: conflicting types for built-in function 'fork'; expected 'int(void)' [-Wbuiltin-declaration-mismatch]
   53 | char fork ();
      |      ^~~~
configure:5086: $? = 0
configure:5086: result: yes
configure:5086: checking for vfork
configure:5086: gcc -o conftest -g -O2   conftest.c -lz -lpthread -lm  >&5
configure:5086: $? = 0
configure:5086: result: yes
configure:5096: checking for working fork
configure:5118: gcc -o conftest -g -O2   conftest.c -lz -lpthread -lm  >&5
configure:5118: $? = 0
configure:5118: ./conftest
configure:5118: $? = 0
configure:5128: result: yes
configure:5149: checking for working vfork
configure:5259: result: yes
configure:5284: checking for _LARGEFILE_SOURCE value needed for large files
configure:5303: gcc -o conftest -g -O2   conftest.c -lz -lpthread -lm  >&5
configure:5303: $? = 0
configure:5331: result: no
configure:5352: checking for working memcmp
configure:5395: gcc -o conftest -g -O2   conftest.c -lz -lpthread -lm  >&5
configure:5395: $? = 0
configure:5395: ./conftest
configure:5395: $? = 0
configure:5405: result: yes
configure:5420: checking for stdlib.h
configure:5420: result: yes
configure:5420: checking for unistd.h
configure:5420: result: yes
configure:5420: checking for sys/param.h
configure:5420: gcc -c -g -O2  conftest.c >&5
configure:5420: $? = 0
configure:5420: result: yes
configure:5440: checking for getpagesize
configure:5440: gcc -o conftest -g -O2   conftest.c -lz -lpthread -lm  >&5
configure:5440: $? = 0
configure:5440: result: yes
configure:5449: checking for working mmap
configure:5596: gcc -o conftest -g -O2   conftest.c -lz -lpthread -lm  >&5
configure:5596: $? = 0
configure:5596: ./conftest
configure:5596: $? = 0
configure:5606: result: yes
configure:5615: checking return type of signal handlers
configure:5633: gcc -c -g -O2  conftest.c >&5
conftest.c: In function 'main':
conftest.c:46:10: error: void value not ignored as it ought to be
   46 | return *(signal (0, 0)) (0) == 1;
      |         ~^~~~~~~~~~~~~~~~~~
configure:5633: $? = 1
configure: failed program was:
| /* confdefs.h */
| #define PACKAGE_NAME "icsiboost"
| #define PACKAGE_TARNAME "icsiboost"
| #define PACKAGE_VERSION "0.3c"
| #define PACKAGE_STRING "icsiboost 0.3c"
| #define PACKAGE_BUGREPORT "favre@icsi.berkeley.edu"
| #define PACKAGE_URL ""
| #define PACKAGE "icsiboost"
| #define VERSION "0.3c"
| #define HAVE_LIBM 1
| #define HAVE_LIBPTHREAD 1
| #define HAVE_LIBZ 1
| #define STDC_HEADERS 1
| #define HAVE_SYS_WAIT_H 1
| #define HAVE_SYS_TYPES_H 1
| #define HAVE_SYS_STAT_H 1
| #define HAVE_STDLIB_H 1
| #define HAVE_STRING_H 1
| #define HAVE_MEMORY_H 1
| #define HAVE_STRINGS_H 1
| #define HAVE_INTTYPES_H 1
| #define HAVE_STDINT_H 1
| #define HAVE_UNISTD_H 1
| #define HAVE_FCNTL_H 1
| #define HAVE_STDINT_H 1
| #define HAVE_STDLIB_H 1
| #define HAVE_STRING_H 1
| #define HAVE_UNISTD_H 1
| #define HAVE_FORK 1
| #define HAVE_VFORK 1
| #define HAVE_WORKING_VFORK 1
| #define HAVE_WORKING_FORK 1
| #define HAVE_FSEEKO 1
| #define HAVE_STDLIB_H 1
| #define HAVE_UNISTD_H 1
| #define HAVE_SYS_PARAM_H 1
| #define HAVE_GETPAGESIZE 1
| #define HAVE_MMAP 1
| /* end confdefs.h.  */
| #include <sys/types.h>
| #include <signal.h>
| 
| int
| main ()
| {
| return *(signal (0, 0)) (0) == 1;
|   ;
|   return 0;
| }
configure:5640: result: void
configure:5648: checking whether lstat correctly handles trailing slash
configure:5674: gcc -o conftest -g -O2   conftest.c -lz -lpthread -lm  >&5
configure:5674: $? = 0
configure:5674: ./conftest
configure:5674: $? = 0
configure:5691: result: yes
configure:5710: checking whether stat accepts an empty string
configure:5730: gcc -o conftest -g -O2   conftest.c -lz -lpthread -lm  >&5
configure:5730: $? = 0
configure:5730: ./conftest
configure:5730: $? = 0
configure:5740: result: no
configure:5756: checking for working strtod
configure:5797: gcc -o conftest -g -O2   conftest.c -lz -lpthread -lm  >&5
configure:5797: $? = 0
configure:5797: ./conftest
configure:5797: $? = 0
configure:5807: result: yes
configure:5872: checking for dup2
configure:5872: gcc -o conftest -g -O2   conftest.c -lz -lpthread -lm  >&5
configure:5872: $? = 0
configure:5872: result: yes
configure:5872: checking for memmove
configure:5872: gcc -o conftest -g -O2   conftest.c -lz -lpthread -lm  >&5
conftest.c:66:6: warning: conflicting types for built-in function 'memmove'; expected 'void *(void *, const void *, long unsigned int)' [-Wbuiltin-declaration-mismatch]
   66 | char memmove ();
      |      ^~~~~~~
conftest.c:54:1: note: 'memmove' is declared in header '<string.h>'
   53 | # include <limits.h>
   54 | #else
configure:5872: $? = 0
configure:5872: result: yes
configure:5872: checking for memset
configure:5872: gcc -o conftest -g -O2   conftest.c -lz -lpthread -lm  >&5
conftest.c:67:6: warning: conflicting types for built-in function 'memset'; expected 'void *(void *, int,  long unsigned int)' [-Wbuiltin-declaration-mismatch]
   67 | char memset ();
      |      ^~~~~~
conftest.c:55:1: note: 'memset' is declared in header '<string.h>'
   54 | # include <limits.h>
   55 | #else
configure:5872: $? = 0
configure:5872: result: yes
configure:5872: checking for munmap
configure:5872: gcc -o conftest -g -O2   conftest.c -lz -lpthread -lm  >&5
configure:5872: $? = 0
configure:5872: result: yes
configure:5872: checking for regcomp
configure:5872: gcc -o conftest -g -O2   conftest.c -lz -lpthread -lm  >&5
configure:5872: $? = 0
configure:5872: result: yes
configure:5872: checking for sqrt
configure:5872: gcc -o conftest -g -O2   conftest.c -lz -lpthread -lm  >&5
conftest.c:70:6: warning: conflicting types for built-in function 'sqrt'; expected 'double(double)' [-Wbuiltin-declaration-mismatch]
   70 | char sqrt ();
      |      ^~~~
conftest.c:58:1: note: 'sqrt' is declared in header '<math.h>'
   57 | # include <limits.h>
   58 | #else
configure:5872: $? = 0
configure:5872: result: yes
configure:5872: checking for strdup
configure:5872: gcc -o conftest -g -O2   conftest.c -lz -lpthread -lm  >&5
conftest.c:71:6: warning: conflicting types for built-in function 'strdup'; expected 'char *(const char *)' [-Wbuiltin-declaration-mismatch]
   71 | char strdup ();
      |      ^~~~~~
configure:5872: $? = 0
configure:5872: result: yes
configure:5872: checking for strerror
configure:5872: gcc -o conftest -g -O2   conftest.c -lz -lpthread -lm  >&5
configure:5872: $? = 0
configure:5872: result: yes
configure:5872: checking for strtol
configure:5872: gcc -o conftest -g -O2   conftest.c -lz -lpthread -lm  >&5
configure:5872: $? = 0
configure:5872: result: yes
configure:5988: checking that generated files are newer than configure
configure:5994: result: done
configure:6021: creating ./config.status

## ---------------------- ##
## Running config.status. ##
## ---------------------- ##

This file was extended by icsiboost config.status 0.3c, which was
generated by GNU Autoconf 2.69.  Invocation command line was

  CONFIG_FILES    = 
  CONFIG_HEADERS  = 
  CONFIG_LINKS    = 
  CONFIG_COMMANDS = 
  $ ./config.status 

on aghilas

config.status:890: creating Makefile
config.status:890: creating src/Makefile
config.status:890: creating config.h
config.status:1119: executing depfiles commands

## ---------------- ##
## Cache variables. ##
## ---------------- ##

ac_cv_c_compiler_gnu=yes
ac_cv_c_const=yes
ac_cv_c_inline=inline
ac_cv_cxx_compiler_gnu=yes
ac_cv_env_CCC_set=
ac_cv_env_CCC_value=
ac_cv_env_CC_set=
ac_cv_env_CC_value=
ac_cv_env_CFLAGS_set=
ac_cv_env_CFLAGS_value=
ac_cv_env_CPPFLAGS_set=
ac_cv_env_CPPFLAGS_value=
ac_cv_env_CPP_set=
ac_cv_env_CPP_value=
ac_cv_env_CXXFLAGS_set=
ac_cv_env_CXXFLAGS_value=
ac_cv_env_CXX_set=
ac_cv_env_CXX_value=
ac_cv_env_LDFLAGS_set=
ac_cv_env_LDFLAGS_value=
ac_cv_env_LIBS_set=
ac_cv_env_LIBS_value=
ac_cv_env_build_alias_set=
ac_cv_env_build_alias_value=
ac_cv_env_host_alias_set=
ac_cv_env_host_alias_value=
ac_cv_env_target_alias_set=
ac_cv_env_target_alias_value=
ac_cv_func_dup2=yes
ac_cv_func_fork=yes
ac_cv_func_fork_works=yes
ac_cv_func_getpagesize=yes
ac_cv_func_lstat_dereferences_slashed_symlink=yes
ac_cv_func_memcmp_working=yes
ac_cv_func_memmove=yes
ac_cv_func_memset=yes
ac_cv_func_mmap_fixed_mapped=yes
ac_cv_func_munmap=yes
ac_cv_func_regcomp=yes
ac_cv_func_sqrt=yes
ac_cv_func_stat_empty_string_bug=no
ac_cv_func_strdup=yes
ac_cv_func_strerror=yes
ac_cv_func_strtod=yes
ac_cv_func_strtol=yes
ac_cv_func_vfork=yes
ac_cv_func_vfork_works=yes
ac_cv_header_fcntl_h=yes
ac_cv_header_inttypes_h=yes
ac_cv_header_memory_h=yes
ac_cv_header_stdc=yes
ac_cv_header_stdint_h=yes
ac_cv_header_stdlib_h=yes
ac_cv_header_string_h=yes
ac_cv_header_strings_h=yes
ac_cv_header_sys_param_h=yes
ac_cv_header_sys_stat_h=yes
ac_cv_header_sys_types_h=yes
ac_cv_header_sys_wait_h=yes
ac_cv_header_unistd_h=yes
ac_cv_header_vfork_h=no
ac_cv_lib_m_main=yes
ac_cv_lib_pcre_main=no
ac_cv_lib_pthread_main=yes
ac_cv_lib_z_main=yes
ac_cv_objext=o
ac_cv_path_EGREP='/usr/bin/grep -E'
ac_cv_path_GREP=/usr/bin/grep
ac_cv_path_install='/usr/bin/install -c'
ac_cv_path_mkdir=/usr/bin/mkdir
ac_cv_prog_AWK=mawk
ac_cv_prog_CPP='gcc -E'
ac_cv_prog_ac_ct_CC=gcc
ac_cv_prog_ac_ct_CXX=g++
ac_cv_prog_cc_c89=
ac_cv_prog_cc_g=yes
ac_cv_prog_cxx_g=yes
ac_cv_prog_make_make_set=yes
ac_cv_sys_largefile_source=no
ac_cv_type_off_t=yes
ac_cv_type_pid_t=yes
ac_cv_type_signal=void
ac_cv_type_size_t=yes
am_cv_CC_dependencies_compiler_type=gcc3
am_cv_CXX_dependencies_compiler_type=gcc3
am_cv_make_support_nested_variables=yes
am_cv_prog_cc_c_o=yes

## ----------------- ##
## Output variables. ##
## ----------------- ##

ACLOCAL='aclocal-1.15'
AMDEPBACKSLASH='\'
AMDEP_FALSE='#'
AMDEP_TRUE=''
AMTAR='$${TAR-tar}'
AM_BACKSLASH='\'
AM_DEFAULT_V='$(AM_DEFAULT_VERBOSITY)'
AM_DEFAULT_VERBOSITY='1'
AM_V='$(V)'
AUTOCONF='autoconf'
AUTOHEADER='autoheader'
AUTOMAKE='automake-1.15'
AWK='mawk'
CC='gcc'
CCDEPMODE='depmode=gcc3'
CFLAGS='-g -O2'
CPP='gcc -E'
CPPFLAGS=''
CXX='g++'
CXXDEPMODE='depmode=gcc3'
CXXFLAGS='-g -O2'
CYGPATH_W='echo'
DEFS='-DHAVE_CONFIG_H'
DEPDIR='.deps'
ECHO_C=''
ECHO_N='-n'
ECHO_T=''
EGREP='/usr/bin/grep -E'
EXEEXT=''
GREP='/usr/bin/grep'
INSTALL_DATA='${INSTALL} -m 644'
INSTALL_PROGRAM='${INSTALL}'
INSTALL_SCRIPT='${INSTALL}'
INSTALL_STRIP_PROGRAM='$(install_sh) -c -s'
LDFLAGS=''
LIBOBJS=''
LIBS='-lz -lpthread -lm '
LTLIBOBJS=''
MAKEINFO='makeinfo'
MKDIR_P='/usr/bin/mkdir -p'
OBJEXT='o'
PACKAGE='icsiboost'
PACKAGE_BUGREPORT='favre@icsi.berkeley.edu'
PACKAGE_NAME='icsiboost'
PACKAGE_STRING='icsiboost 0.3c'
PACKAGE_TARNAME='icsiboost'
PACKAGE_URL=''
PACKAGE_VERSION='0.3c'
PATH_SEPARATOR=':'
POW_LIB=''
SET_MAKE=''
SHELL='/bin/bash'
STRIP=''
VERSION='0.3c'
ac_ct_CC='gcc'
ac_ct_CXX='g++'
am__EXEEXT_FALSE=''
am__EXEEXT_TRUE='#'
am__fastdepCC_FALSE='#'
am__fastdepCC_TRUE=''
am__fastdepCXX_FALSE='#'
am__fastdepCXX_TRUE=''
am__include='include'
am__isrc=''
am__leading_dot='.'
am__nodep='_no'
am__quote=''
am__tar='$${TAR-tar} chof - "$$tardir"'
am__untar='$${TAR-tar} xf -'
bindir='${exec_prefix}/bin'
build_alias=''
datadir='${datarootdir}'
datarootdir='${prefix}/share'
docdir='${datarootdir}/doc/${PACKAGE_TARNAME}'
dvidir='${docdir}'
exec_prefix='${prefix}'
host_alias=''
htmldir='${docdir}'
includedir='${prefix}/include'
infodir='${datarootdir}/info'
install_sh='${SHELL} '\''/home/aghilas/Bureau/Master-1/S2/TAL/TPs/TP5/MA PROPRE VERSION/icsiboost-master/install-sh'\'''
libdir='${exec_prefix}/lib'
libexecdir='${exec_prefix}/libexec'
localedir='${datarootdir}/locale'
localstatedir='${prefix}/var'
mandir='${datarootdir}/man'
mkdir_p='$(MKDIR_P)'
oldincludedir='/usr/include'
pdfdir='${docdir}'
prefix='/usr/local'
program_transform_name='s,x,x,'
psdir='${docdir}'
sbindir='${exec_prefix}/sbin'
sharedstatedir='${prefix}/com'
sysconfdir='${prefix}/etc'
target_alias=''

## ----------- ##
## confdefs.h. ##
## ----------- ##

/* confdefs.h */
#define PACKAGE_NAME "icsiboost"
#define PACKAGE_TARNAME "icsiboost"
#define PACKAGE_VERSION "0.3c"
#define PACKAGE_STRING "icsiboost 0.3c"
#define PACKAGE_BUGREPORT "favre@icsi.berkeley.edu"
#define PACKAGE_URL ""
#define PACKAGE "icsiboost"
#define VERSION "0.3c"
#define HAVE_LIBM 1
#define HAVE_LIBPTHREAD 1
#define HAVE_LIBZ 1
#define STDC_HEADERS 1
#define HAVE_SYS_WAIT_H 1
#define HAVE_SYS_TYPES_H 1
#define HAVE_SYS_STAT_H 1
#define HAVE_STDLIB_H 1
#define HAVE_STRING_H 1
#define HAVE_MEMORY_H 1
#define HAVE_STRINGS_H 1
#define HAVE_INTTYPES_H 1
#define HAVE_STDINT_H 1
#define HAVE_UNISTD_H 1
#define HAVE_FCNTL_H 1
#define HAVE_STDINT_H 1
#define HAVE_STDLIB_H 1
#define HAVE_STRING_H 1
#define HAVE_UNISTD_H 1
#define HAVE_FORK 1
#define HAVE_VFORK 1
#define HAVE_WORKING_VFORK 1
#define HAVE_WORKING_FORK 1
#define HAVE_FSEEKO 1
#define HAVE_STDLIB_H 1
#define HAVE_UNISTD_H 1
#define HAVE_SYS_PARAM_H 1
#define HAVE_GETPAGESIZE 1
#define HAVE_MMAP 1
#define RETSIGTYPE void
#define LSTAT_FOLLOWS_SLASHED_SYMLINK 1
#define HAVE_DUP2 1
#define HAVE_MEMMOVE 1
#define HAVE_MEMSET 1
#define HAVE_MUNMAP 1
#define HAVE_REGCOMP 1
#define HAVE_SQRT 1
#define HAVE_STRDUP 1
#define HAVE_STRERROR 1
#define HAVE_STRTOL 1

configure: exit 0
